<?xml version="1.0" encoding="UTF-8"?>
<testsuite name="org.calibre.metadata.LibraryTest" tests="2" skipped="0" failures="0" errors="0" timestamp="2025-11-26T03:45:52" hostname="cursor" time="0.333">
  <properties/>
  <testcase name="testAddBook()" classname="org.calibre.metadata.LibraryTest" time="0.322"/>
  <testcase name="testSearch()" classname="org.calibre.metadata.LibraryTest" time="0.009"/>
  <system-out><![CDATA[]]></system-out>
  <system-err><![CDATA[Error loading library: No content to map due to end-of-input
 at [Source: (File); line: 1, column: 0]
Error loading library: No content to map due to end-of-input
 at [Source: (File); line: 1, column: 0]
]]></system-err>
</testsuite>
