<?xml version="1.0" encoding="UTF-8"?>
<testsuite name="org.calibre.metadata.LibraryTest" tests="2" skipped="0" failures="0" errors="0" timestamp="2025-11-27T00:31:59" hostname="cursor" time="0.362">
  <properties/>
  <testcase name="testAddBook()" classname="org.calibre.metadata.LibraryTest" time="0.349"/>
  <testcase name="testSearch()" classname="org.calibre.metadata.LibraryTest" time="0.012"/>
  <system-out><![CDATA[]]></system-out>
  <system-err><![CDATA[Error loading library: No content to map due to end-of-input
 at [Source: (File); line: 1, column: 0]
Error loading library: No content to map due to end-of-input
 at [Source: (File); line: 1, column: 0]
]]></system-err>
</testsuite>
